Using pre-set license
Built from '2020.2/release' branch; Version is '2020.2.0f1 (3721df5a8b28) revision 3613151'; Using compiler version '192528614'; Build Type 'Release'
OS: 'Windows 10  (10.0.0) 64bit' Language: 'tr' Physical Memory: 16340 MB
BatchMode: 1, IsHumanControllingUs: 0, StartBugReporterOnCrash: 0, Is64bit: 1, IsPro: 0

 COMMAND LINE ARGUMENTS:
D:\Program Files\Unity Hub\2020.2.0f1\Editor\Unity.exe
-adb2
-batchMode
-noUpm
-name
AssetImportWorker0
-projectPath
D:/UnityProjeleri/kuvarsEduModio
-logFile
Logs/AssetImportWorker0.log
-srvPort
55294
Successfully changed project path to: D:/UnityProjeleri/kuvarsEduModio
D:/UnityProjeleri/kuvarsEduModio
Using Asset Import Pipeline V2.
Refreshing native plugins compatible for Editor in 80.80 ms, found 0 plugins.
Preloading 0 native plugins for Editor in 0.00 ms.
Initialize engine version: 2020.2.0f1 (3721df5a8b28)
[Subsystems] Discovering subsystems at path D:/Program Files/Unity Hub/2020.2.0f1/Editor/Data/Resources/UnitySubsystems
[Subsystems] Discovering subsystems at path D:/UnityProjeleri/kuvarsEduModio/Assets
GfxDevice: creating device client; threaded=0
Direct3D:
    Version:  Direct3D 11.0 [level 11.1]
    Renderer: NVIDIA GeForce GTX 1060 (ID=0x1c20)
    Vendor:   
    VRAM:     6052 MB
    Driver:   27.21.14.6172
Initialize mono
Mono path[0] = 'D:/Program Files/Unity Hub/2020.2.0f1/Editor/Data/Managed'
Mono path[1] = 'D:/Program Files/Unity Hub/2020.2.0f1/Editor/Data/MonoBleedingEdge/lib/mono/unityjit'
Mono config path = 'D:/Program Files/Unity Hub/2020.2.0f1/Editor/Data/MonoBleedingEdge/etc'
Using monoOptions --debugger-agent=transport=dt_socket,embedding=1,server=y,suspend=n,address=127.0.0.1:56084
Begin MonoManager ReloadAssembly
Registering precompiled unity dll's ...
Register platform support module: D:/Program Files/Unity Hub/2020.2.0f1/Editor/Data/PlaybackEngines/WebGLSupport/UnityEditor.WebGL.Extensions.dll
Register platform support module: D:/Program Files/Unity Hub/2020.2.0f1/Editor/Data/PlaybackEngines/WindowsStandaloneSupport/UnityEditor.WindowsStandalone.Extensions.dll
Registered in 0.001753 seconds.
Native extension for WindowsStandalone target not found
Native extension for WebGL target not found
Refreshing native plugins compatible for Editor in 54.06 ms, found 0 plugins.
Preloading 0 native plugins for Editor in 0.00 ms.
Invoked RoslynAnalysisRunner static constructor.
RoslynAnalysisRunner will not be running.
RoslynAnalysisRunner has terminated.
Mono: successfully reloaded assembly
- Completed reload, in  3.273 seconds
Platform modules already initialized, skipping
Registering precompiled user dll's ...
Registered in 0.002012 seconds.
Begin MonoManager ReloadAssembly
Native extension for WindowsStandalone target not found
Native extension for WebGL target not found
Refreshing native plugins compatible for Editor in 0.33 ms, found 0 plugins.
Preloading 0 native plugins for Editor in 0.00 ms.
Invoked RoslynAnalysisRunner static constructor.
RoslynAnalysisRunner will not be running.
RoslynAnalysisRunner has terminated.
Mono: successfully reloaded assembly
- Completed reload, in  1.165 seconds
Platform modules already initialized, skipping
========================================================================
Worker process is ready to serve import requests
Launched and connected shader compiler UnityShaderCompiler.exe after 0.05 seconds
Refreshing native plugins compatible for Editor in 0.48 ms, found 0 plugins.
Preloading 0 native plugins for Editor in 0.00 ms.
Unloading 1398 Unused Serialized files (Serialized files now loaded: 0)
System memory in use before: 64.2 MB.
System memory in use after: 64.3 MB.

Unloading 12 unused Assets to reduce memory usage. Loaded Objects now: 1835.
Total: 2.297100 ms (FindLiveObjects: 0.242800 ms CreateObjectMapping: 0.080000 ms MarkObjects: 1.846500 ms  DeleteObjects: 0.126800 ms)

========================================================================
Received Import Request.
  path: Assets/Sadece Logo.png
  artifactKey: Guid(f6547f20a2b4c55419c62d4d6af04856) Importer(815301076,1909f56bfc062723c751e8b465ee728b)
Start importing Assets/Sadece Logo.png using Guid(f6547f20a2b4c55419c62d4d6af04856) Importer(815301076,1909f56bfc062723c751e8b465ee728b)  -> (artifact id: 'd7a04503d4618f6d14b7d877bf5e834c') in 0.400651 seconds
  Import took 0.424678 seconds .

========================================================================
Received Prepare
Registering precompiled user dll's ...
Registered in 0.001715 seconds.
Begin MonoManager ReloadAssembly
Native extension for WindowsStandalone target not found
Native extension for WebGL target not found
Refreshing native plugins compatible for Editor in 0.24 ms, found 0 plugins.
Preloading 0 native plugins for Editor in 0.00 ms.
Invoked RoslynAnalysisRunner static constructor.
RoslynAnalysisRunner will not be running.
RoslynAnalysisRunner has terminated.
Mono: successfully reloaded assembly
- Completed reload, in  1.046 seconds
Platform modules already initialized, skipping
Refreshing native plugins compatible for Editor in 0.29 ms, found 0 plugins.
Preloading 0 native plugins for Editor in 0.00 ms.
Unloading 1392 Unused Serialized files (Serialized files now loaded: 0)
System memory in use before: 67.3 MB.
System memory in use after: 67.4 MB.

Unloading 7 unused Assets to reduce memory usage. Loaded Objects now: 1843.
Total: 1.936400 ms (FindLiveObjects: 0.257000 ms CreateObjectMapping: 0.072400 ms MarkObjects: 1.565300 ms  DeleteObjects: 0.040200 ms)

========================================================================
Received Import Request.
  Time since last request: 308.206546 seconds.
  path: Assets/Plugins/mod.io/Icons
  artifactKey: Guid(47b03411493834cc79e22ba649aaab57) Importer(815301076,1909f56bfc062723c751e8b465ee728b)
Start importing Assets/Plugins/mod.io/Icons using Guid(47b03411493834cc79e22ba649aaab57) Importer(815301076,1909f56bfc062723c751e8b465ee728b)  -> (artifact id: 'b0596dff48d8a620da5ea4e46d39cce5') in 0.028122 seconds
  Import took 0.062328 seconds .

========================================================================
Received Import Request.
  Time since last request: 183.564753 seconds.
  path: Assets/ModİcinLogo.png
  artifactKey: Guid(de226913d6e4d49409324ce998b21404) Importer(815301076,1909f56bfc062723c751e8b465ee728b)
Start importing Assets/ModİcinLogo.png using Guid(de226913d6e4d49409324ce998b21404) Importer(815301076,1909f56bfc062723c751e8b465ee728b)  -> (artifact id: 'b20ec87259d980055956d3b409e9165d') in 0.121815 seconds
  Import took 0.197564 seconds .

========================================================================
Received Import Request.
  Time since last request: 144.174659 seconds.
  path: Assets/ModİcinLogo.png
  artifactKey: Guid(de226913d6e4d49409324ce998b21404) Importer(815301076,1909f56bfc062723c751e8b465ee728b)
Start importing Assets/ModİcinLogo.png using Guid(de226913d6e4d49409324ce998b21404) Importer(815301076,1909f56bfc062723c751e8b465ee728b)  -> (artifact id: '8deef108a4027480eadee9bbee281e3f') in 0.024187 seconds
  Import took 0.034042 seconds .

========================================================================
Received Import Request.
  Time since last request: 137.915603 seconds.
  path: Assets/Plugins/mod.io/Samples/ModBrowser/Images/browser_icon_YouTube.png
  artifactKey: Guid(c6049760e2b2047e28a9efeed8bf6691) Importer(815301076,1909f56bfc062723c751e8b465ee728b)
Start importing Assets/Plugins/mod.io/Samples/ModBrowser/Images/browser_icon_YouTube.png using Guid(c6049760e2b2047e28a9efeed8bf6691) Importer(815301076,1909f56bfc062723c751e8b465ee728b)  -> (artifact id: 'b62627999454604509a03b2325fe82ed') in 0.336950 seconds
  Import took 0.359899 seconds .

========================================================================
Received Import Request.
  Time since last request: 0.004110 seconds.
  path: Assets/Plugins/mod.io/Samples/ModBrowser/Images/browser_icon_YouTube.png
  artifactKey: Guid(c6049760e2b2047e28a9efeed8bf6691) Importer(815301076,1909f56bfc062723c751e8b465ee728b)
Start importing Assets/Plugins/mod.io/Samples/ModBrowser/Images/browser_icon_YouTube.png using Guid(c6049760e2b2047e28a9efeed8bf6691) Importer(815301076,1909f56bfc062723c751e8b465ee728b)  -> (artifact id: 'b62627999454604509a03b2325fe82ed') in 0.012263 seconds
  Import took 0.033357 seconds .

========================================================================
Received Prepare
Registering precompiled user dll's ...
Registered in 0.001827 seconds.
Begin MonoManager ReloadAssembly
Native extension for WindowsStandalone target not found
Native extension for WebGL target not found
Refreshing native plugins compatible for Editor in 0.25 ms, found 0 plugins.
Preloading 0 native plugins for Editor in 0.00 ms.
Invoked RoslynAnalysisRunner static constructor.
RoslynAnalysisRunner will not be running.
RoslynAnalysisRunner has terminated.
Mono: successfully reloaded assembly
- Completed reload, in  1.128 seconds
Platform modules already initialized, skipping
Refreshing native plugins compatible for Editor in 0.51 ms, found 0 plugins.
Preloading 0 native plugins for Editor in 0.00 ms.
Unloading 1392 Unused Serialized files (Serialized files now loaded: 0)
System memory in use before: 67.5 MB.
System memory in use after: 67.6 MB.

Unloading 7 unused Assets to reduce memory usage. Loaded Objects now: 1850.
Total: 4.459200 ms (FindLiveObjects: 0.351300 ms CreateObjectMapping: 0.144700 ms MarkObjects: 3.846400 ms  DeleteObjects: 0.113200 ms)

========================================================================
Received Import Request.
  Time since last request: 3633.229835 seconds.
  path: Assets/ModİcinLogo.png
  artifactKey: Guid(de226913d6e4d49409324ce998b21404) Importer(815301076,1909f56bfc062723c751e8b465ee728b)
Start importing Assets/ModİcinLogo.png using Guid(de226913d6e4d49409324ce998b21404) Importer(815301076,1909f56bfc062723c751e8b465ee728b)  -> (artifact id: 'b5e53cc651e37b4acbcf0539c0b730b5') in 0.127713 seconds
  Import took 0.133257 seconds .

========================================================================
Received Import Request.
  Time since last request: 6.944299 seconds.
  path: Assets/ModİcinLogo.png
  artifactKey: Guid(de226913d6e4d49409324ce998b21404) Importer(815301076,1909f56bfc062723c751e8b465ee728b)
Start importing Assets/ModİcinLogo.png using Guid(de226913d6e4d49409324ce998b21404) Importer(815301076,1909f56bfc062723c751e8b465ee728b)  -> (artifact id: 'f41f3a82564ed0c99a46b6bedf389c5a') in 0.023085 seconds
  Import took 0.036558 seconds .

========================================================================
Received Import Request.
  Time since last request: 0.000387 seconds.
  path: Assets/ModİcinLogo.png
  artifactKey: Guid(de226913d6e4d49409324ce998b21404) Importer(815301076,1909f56bfc062723c751e8b465ee728b)
Start importing Assets/ModİcinLogo.png using Guid(de226913d6e4d49409324ce998b21404) Importer(815301076,1909f56bfc062723c751e8b465ee728b)  -> (artifact id: 'f41f3a82564ed0c99a46b6bedf389c5a') in 0.021404 seconds
  Import took 0.024542 seconds .

========================================================================
Received Import Request.
  Time since last request: 2.841554 seconds.
  path: Assets/ModİcinLogo.png
  artifactKey: Guid(de226913d6e4d49409324ce998b21404) Importer(815301076,1909f56bfc062723c751e8b465ee728b)
Start importing Assets/ModİcinLogo.png using Guid(de226913d6e4d49409324ce998b21404) Importer(815301076,1909f56bfc062723c751e8b465ee728b)  -> (artifact id: 'd0a1c2bc68093225f93e6debed9ea70d') in 0.018299 seconds
  Import took 0.033100 seconds .

========================================================================
Received Import Request.
  Time since last request: 0.004191 seconds.
  path: Assets/ModİcinLogo.png
  artifactKey: Guid(de226913d6e4d49409324ce998b21404) Importer(815301076,1909f56bfc062723c751e8b465ee728b)
Start importing Assets/ModİcinLogo.png using Guid(de226913d6e4d49409324ce998b21404) Importer(815301076,1909f56bfc062723c751e8b465ee728b)  -> (artifact id: 'd0a1c2bc68093225f93e6debed9ea70d') in 0.020293 seconds
  Import took 0.023186 seconds .

AssetImportWorkerClient::OnTransportError - code=2 error=End of file
